http: GET en / - 17:47:27
http: GET en /css/style.css - 17:47:28
http: GET en /img/afa.jpg - 17:47:28
http: GET en /img/aniversario.jpg - 17:47:28
http: GET en /img/brownie%20frutal.jpg - 17:47:28
http: GET en /img/budinglase.jpg - 17:47:28
http: GET en /img/cerezachoco.jpg - 17:47:28
http: GET en /img/cine.jpg - 17:47:28
http: GET en /img/disco.jpg - 17:47:28
http: GET en /img/hojas.jpg - 17:47:28
http: GET en /img/primaveral.jpg - 17:47:28
http: GET en /img/olas.jpg - 17:47:28
http: GET en /img/sonic.jpg - 17:47:28
http: GET en /img/cremadurazno.jpg - 17:47:28
http: GET en /img/cremafrutilla.jpg - 17:47:29
http: GET en /img/frozen.jpg - 17:47:29
http: GET en /img/diamante.jpg - 17:47:29
http: GET en /img/pinki.jpg - 17:47:29
http: GET en /img/tortabombon.jpg - 17:47:29
http: GET en /img/logo2.jpg - 17:47:29
http: GET en /img/messi.jpg - 17:47:29
http: GET en / - 10:28:28
http: GET en /css/style.css - 10:28:38
http: GET en /img/cine.jpg - 10:28:39
http: GET en /img/disco.jpg - 10:28:39
http: GET en /img/sonic.jpg - 10:28:39
http: GET en /img/logo2.jpg - 10:28:39
http: GET en /img/afa.jpg - 10:28:39
http: GET en /img/olas.jpg - 10:28:39
http: GET en /img/budinglase.jpg - 10:28:40
http: GET en /img/cerezachoco.jpg - 10:28:40
http: GET en /img/cremafrutilla.jpg - 10:28:40
http: GET en /img/frozen.jpg - 10:28:40
http: GET en /img/hojas.jpg - 10:28:40
http: GET en /img/aniversario.jpg - 10:28:40
http: GET en /img/diamante.jpg - 10:28:40
http: GET en /img/primaveral.jpg - 10:28:40
http: GET en /img/messi.jpg - 10:28:40
http: GET en /img/cremadurazno.jpg - 10:28:40
http: GET en /img/tortabombon.jpg - 10:28:40
http: GET en /img/pinki.jpg - 10:28:42
http: GET en /img/brownie%20frutal.jpg - 10:28:45
http: GET en /login - 10:29:53
http: GET en /css/style.css - 10:29:54
http: GET en /img/logo2.jpg - 10:29:54
http: POST en /api/users/login - 10:30:18
http: GET en /api/users/profile - 10:30:18
http: GET en /css/style.css - 10:30:19
http: GET en /api/users/img/logo2.jpg - 10:30:19
http: GET en /api/users/img/logo2.jpg - 10:30:19
http: GET en /products - 10:30:23
http: GET en /css/style.css - 10:30:24
http: GET en /img/logo2.jpg - 10:30:24
http: GET en /img/afa.jpg - 10:30:24
http: GET en /img/aniversario.jpg - 10:30:24
http: GET en /img/brownie%20frutal.jpg - 10:30:24
http: POST en /api/carts/663d9f0754ee4fa2cb95fc4b/product/65dae57de96601ba8b0b0487 - 10:30:37
http: GET en /carts/663d9f0754ee4fa2cb95fc4b - 10:30:37
http: GET en /css/style.css - 10:30:37
http: GET en /carts/img/logo2.jpg - 10:30:37
http: POST en /api/carts/663d9f0754ee4fa2cb95fc4b/purchase - 10:30:48
http: GET en / - 07:46:04
http: GET en /css/style.css - 07:46:04
http: GET en /img/logo2.jpg - 07:46:04
http: GET en /img/budinglase.jpg - 07:46:04
http: GET en /img/brownie%20frutal.jpg - 07:46:04
http: GET en /img/aniversario.jpg - 07:46:04
http: GET en /img/afa.jpg - 07:46:04
http: GET en /img/cerezachoco.jpg - 07:46:04
http: GET en /img/cine.jpg - 07:46:05
http: GET en /img/disco.jpg - 07:46:05
http: GET en /img/hojas.jpg - 07:46:05
http: GET en /img/messi.jpg - 07:46:05
http: GET en /img/primaveral.jpg - 07:46:05
http: GET en /img/olas.jpg - 07:46:05
http: GET en /img/sonic.jpg - 07:46:05
http: GET en /img/cremadurazno.jpg - 07:46:05
http: GET en /img/cremafrutilla.jpg - 07:46:05
http: GET en /img/frozen.jpg - 07:46:05
http: GET en /img/diamante.jpg - 07:46:05
http: GET en /img/pinki.jpg - 07:46:05
http: GET en /img/tortabombon.jpg - 07:46:05
http: GET en /favicon.ico - 07:46:05
http: GET en / - 07:46:13
http: GET en /css/style.css - 07:46:13
http: GET en /img/logo2.jpg - 07:46:13
http: GET en /img/afa.jpg - 07:46:13
http: GET en /img/aniversario.jpg - 07:46:13
http: GET en /img/cerezachoco.jpg - 07:46:13
http: GET en /img/brownie%20frutal.jpg - 07:46:13
http: GET en /img/budinglase.jpg - 07:46:13
http: GET en /img/hojas.jpg - 07:46:13
http: GET en /img/tortabombon.jpg - 07:46:13
http: GET en /img/pinki.jpg - 07:46:13
http: GET en /img/messi.jpg - 07:46:13
http: GET en /img/cremadurazno.jpg - 07:46:13
http: GET en /img/cine.jpg - 07:46:13
http: GET en /img/disco.jpg - 07:46:13
http: GET en /img/diamante.jpg - 07:46:13
http: GET en /img/frozen.jpg - 07:46:13
http: GET en /img/sonic.jpg - 07:46:13
http: GET en /img/olas.jpg - 07:46:13
http: GET en /img/cremafrutilla.jpg - 07:46:13
http: GET en /img/primaveral.jpg - 07:46:13
http: GET en /login - 07:46:14
http: GET en /css/style.css - 07:46:14
http: GET en /img/logo2.jpg - 07:46:14
http: POST en /api/users/login - 07:46:23
http: GET en /api/users/profile - 07:46:23
http: GET en /css/style.css - 07:46:23
http: GET en /api/users/img/logo2.jpg - 07:46:23
http: GET en /products - 07:46:25
http: GET en /css/style.css - 07:46:25
http: GET en /img/logo2.jpg - 07:46:25
http: GET en /img/afa.jpg - 07:46:25
http: GET en /img/aniversario.jpg - 07:46:25
http: GET en /img/brownie%20frutal.jpg - 07:46:25
http: POST en /api/carts/663d9f0754ee4fa2cb95fc4b/product/65dae57de96601ba8b0b0487 - 07:46:27
http: GET en /carts/663d9f0754ee4fa2cb95fc4b - 07:46:28
http: GET en /css/style.css - 07:46:28
http: GET en /carts/img/logo2.jpg - 07:46:28
http: GET en /api/users/profile - 07:46:34
http: GET en /css/style.css - 07:46:34
http: GET en /api/users/img/logo2.jpg - 07:46:34
http: POST en /api/users/logout - 07:46:35
http: GET en /login - 07:46:35
http: GET en /css/style.css - 07:46:35
http: GET en /img/logo2.jpg - 07:46:35
http: POST en /api/users/login - 07:46:44
http: GET en /api/users/profile - 07:46:44
http: GET en /css/style.css - 07:46:44
http: GET en /api/users/img/logo2.jpg - 07:46:44
http: GET en /realtimeproducts - 07:46:46
http: GET en /css/style.css - 07:46:46
http: GET en /img/logo2.jpg - 07:46:46
http: GET en /js/realtime.js - 07:46:46
http: GET en /api/users/profile - 07:49:33
http: GET en /css/style.css - 07:49:33
http: GET en /api/users/img/logo2.jpg - 07:49:33
http: GET en / - 07:49:37
http: GET en /css/style.css - 07:49:38
http: GET en /img/logo2.jpg - 07:49:38
http: GET en /img/afa.jpg - 07:49:38
http: GET en /img/aniversario.jpg - 07:49:38
http: GET en /img/brownie%20frutal.jpg - 07:49:38
http: GET en /img/budinglase.jpg - 07:49:38
http: GET en /img/cerezachoco.jpg - 07:49:38
http: GET en /img/cine.jpg - 07:49:38
http: GET en /img/disco.jpg - 07:49:38
http: GET en /img/hojas.jpg - 07:49:38
http: GET en /img/messi.jpg - 07:49:38
http: GET en /img/primaveral.jpg - 07:49:38
http: GET en /img/olas.jpg - 07:49:38
http: GET en /img/sonic.jpg - 07:49:38
http: GET en /img/cremadurazno.jpg - 07:49:38
http: GET en /img/cremafrutilla.jpg - 07:49:38
http: GET en /img/frozen.jpg - 07:49:38
http: GET en /img/diamante.jpg - 07:49:38
http: GET en /img/pinki.jpg - 07:49:38
http: GET en /img/tortabombon.jpg - 07:49:38
http: GET en /api/users/profile - 07:49:43
http: GET en /css/style.css - 07:49:43
http: GET en /api/users/img/logo2.jpg - 07:49:43
http: POST en /api/users/logout - 07:49:44
http: GET en /login - 07:49:44
http: GET en /css/style.css - 07:49:44
http: GET en /img/logo2.jpg - 07:49:44
http: GET en / - 07:49:53
http: GET en /css/style.css - 07:49:53
http: GET en /img/logo2.jpg - 07:49:53
http: GET en /img/afa.jpg - 07:49:53
http: GET en /img/aniversario.jpg - 07:49:53
http: GET en /img/brownie%20frutal.jpg - 07:49:53
http: GET en /img/budinglase.jpg - 07:49:53
http: GET en /img/cerezachoco.jpg - 07:49:53
http: GET en /img/cine.jpg - 07:49:53
http: GET en /img/disco.jpg - 07:49:53
http: GET en /img/hojas.jpg - 07:49:53
http: GET en /img/messi.jpg - 07:49:53
http: GET en /img/primaveral.jpg - 07:49:53
http: GET en /img/olas.jpg - 07:49:53
http: GET en /img/sonic.jpg - 07:49:53
http: GET en /img/cremadurazno.jpg - 07:49:53
http: GET en /img/cremafrutilla.jpg - 07:49:53
http: GET en /img/frozen.jpg - 07:49:53
http: GET en /img/diamante.jpg - 07:49:53
http: GET en /img/pinki.jpg - 07:49:53
http: GET en /img/tortabombon.jpg - 07:49:53
http: GET en / - 03:57:16
http: GET en /css/style.css - 03:57:17
http: GET en /img/logo2.jpg - 03:57:17
http: GET en /img/afa.jpg - 03:57:17
http: GET en /img/aniversario.jpg - 03:57:17
http: GET en /img/brownie%20frutal.jpg - 03:57:17
http: GET en /img/budinglase.jpg - 03:57:17
http: GET en /img/cerezachoco.jpg - 03:57:17
http: GET en /img/cine.jpg - 03:57:17
http: GET en /img/disco.jpg - 03:57:17
http: GET en /img/hojas.jpg - 03:57:17
http: GET en /img/messi.jpg - 03:57:17
http: GET en /img/primaveral.jpg - 03:57:17
http: GET en /img/olas.jpg - 03:57:17
http: GET en /img/sonic.jpg - 03:57:17
http: GET en /img/cremadurazno.jpg - 03:57:17
http: GET en /img/cremafrutilla.jpg - 03:57:17
http: GET en /img/frozen.jpg - 03:57:17
http: GET en /img/diamante.jpg - 03:57:17
http: GET en /img/pinki.jpg - 03:57:17
http: GET en /img/tortabombon.jpg - 03:57:17
http: GET en /favicon.ico - 03:57:17
http: GET en /api/users/profile - 03:59:28
http: GET en /upload - 04:23:05
http: GET en / - 04:23:34
http: GET en /css/style.css - 04:23:34
http: GET en /img/logo2.jpg - 04:23:34
http: GET en /img/afa.jpg - 04:23:34
http: GET en /img/aniversario.jpg - 04:23:34
http: GET en /img/brownie%20frutal.jpg - 04:23:34
http: GET en /img/budinglase.jpg - 04:23:34
http: GET en /img/cerezachoco.jpg - 04:23:34
http: GET en /img/cine.jpg - 04:23:34
http: GET en /img/disco.jpg - 04:23:34
http: GET en /img/hojas.jpg - 04:23:34
http: GET en /img/messi.jpg - 04:23:34
http: GET en /img/primaveral.jpg - 04:23:34
http: GET en /img/olas.jpg - 04:23:34
http: GET en /img/sonic.jpg - 04:23:34
http: GET en /img/cremadurazno.jpg - 04:23:34
http: GET en /img/cremafrutilla.jpg - 04:23:34
http: GET en /img/frozen.jpg - 04:23:34
http: GET en /img/diamante.jpg - 04:23:34
http: GET en /img/pinki.jpg - 04:23:34
http: GET en /img/tortabombon.jpg - 04:23:34
http: GET en /login - 04:23:36
http: GET en /css/style.css - 04:23:36
http: GET en /img/logo2.jpg - 04:23:36
http: POST en /api/users/login - 04:23:50
http: GET en /api/users/profile - 04:23:50
http: GET en /css/style.css - 04:23:51
http: GET en /api/users/img/logo2.jpg - 04:23:51
http: POST en /api/users/logout - 04:23:58
http: GET en /login - 04:23:58
http: GET en /css/style.css - 04:23:58
http: GET en /img/logo2.jpg - 04:23:58
http: POST en /api/users/login - 04:24:10
http: GET en /api/users/profile - 04:24:10
http: GET en /css/style.css - 04:24:10
http: GET en /api/users/img/logo2.jpg - 04:24:10
http: GET en /realtimeproducts - 04:25:01
http: GET en /js/realtime.js - 04:25:01
http: GET en /css/style.css - 04:25:01
http: GET en /img/logo2.jpg - 04:25:01
http: GET en /realtimeproducts - 04:26:35
http: GET en /img/logo2.jpg - 04:26:35
http: GET en /css/style.css - 04:26:35
http: GET en /js/realtime.js - 04:26:35
http: GET en /realtimeproducts - 05:01:10
http: GET en /css/style.css - 05:01:11
http: GET en /img/logo2.jpg - 05:01:11
http: GET en /js/realtime.js - 05:01:11
http: GET en /realtimeproducts - 05:01:14
http: GET en /css/style.css - 05:01:14
http: GET en /img/logo2.jpg - 05:01:14
http: GET en /js/realtime.js - 05:01:14
http: GET en / - 01:57:42
http: GET en /css/style.css - 01:57:42
http: GET en /img/logo2.jpg - 01:57:42
http: GET en /img/afa.jpg - 01:57:42
http: GET en /img/brownie%20frutal.jpg - 01:57:42
http: GET en /img/aniversario.jpg - 01:57:42
http: GET en /img/budinglase.jpg - 01:57:42
http: GET en /img/cerezachoco.jpg - 01:57:42
http: GET en /img/cine.jpg - 01:57:42
http: GET en /img/tortabombon.jpg - 01:57:42
http: GET en /img/diamante.jpg - 01:57:42
http: GET en /img/disco.jpg - 01:57:42
http: GET en /img/primaveral.jpg - 01:57:43
http: GET en /img/olas.jpg - 01:57:43
http: GET en /img/messi.jpg - 01:57:43
http: GET en /img/cremadurazno.jpg - 01:57:43
http: GET en /img/sonic.jpg - 01:57:43
http: GET en /img/hojas.jpg - 01:57:43
http: GET en /img/frozen.jpg - 01:57:43
http: GET en /img/pinki.jpg - 01:57:43
http: GET en /img/cremafrutilla.jpg - 01:57:43
http: GET en /api/users/profile - 01:57:45
http: GET en /css/style.css - 01:57:46
http: GET en /api/users/img/logo2.jpg - 01:57:46
http: GET en /api/users/profile - 01:57:51
http: GET en /css/style.css - 01:57:51
http: GET en /api/users/img/logo2.jpg - 01:57:51
http: GET en /products - 01:57:54
http: GET en /css/style.css - 01:57:55
http: GET en /img/logo2.jpg - 01:57:55
http: GET en /img/afa.jpg - 01:57:55
http: GET en /img/aniversario.jpg - 01:57:55
http: GET en /img/brownie%20frutal.jpg - 01:57:55
http: POST en /api/carts/664514b7365c08458a28bcc9/product/65dae57de96601ba8b0b0487 - 01:57:57
http: GET en / - 02:05:14
http: GET en /css/style.css - 02:05:16
http: GET en /img/logo2.jpg - 02:05:16
http: GET en /img/afa.jpg - 02:05:16
http: GET en /img/aniversario.jpg - 02:05:16
http: GET en /img/brownie%20frutal.jpg - 02:05:16
http: GET en /img/budinglase.jpg - 02:05:16
http: GET en /img/cerezachoco.jpg - 02:05:16
http: GET en /img/cine.jpg - 02:05:16
http: GET en /img/disco.jpg - 02:05:16
http: GET en /img/hojas.jpg - 02:05:16
http: GET en /img/messi.jpg - 02:05:16
http: GET en /img/olas.jpg - 02:05:16
http: GET en /img/sonic.jpg - 02:05:16
http: GET en /img/primaveral.jpg - 02:05:16
http: GET en /img/cremadurazno.jpg - 02:05:16
http: GET en /img/cremafrutilla.jpg - 02:05:16
http: GET en /img/frozen.jpg - 02:05:16
http: GET en /img/diamante.jpg - 02:05:16
http: GET en /img/pinki.jpg - 02:05:16
http: GET en /img/tortabombon.jpg - 02:05:16
http: GET en /register - 02:05:18
http: GET en /css/style.css - 02:05:18
http: GET en /img/logo2.jpg - 02:05:18
http: POST en /api/users/register - 02:05:40
http: GET en /api/users/profile - 02:05:41
http: GET en /css/style.css - 02:05:41
http: GET en /api/users/img/logo2.jpg - 02:05:41
http: GET en /products - 02:06:09
http: GET en /css/style.css - 02:06:10
http: GET en /img/logo2.jpg - 02:06:10
http: GET en /img/afa.jpg - 02:06:10
http: GET en /img/aniversario.jpg - 02:06:10
http: GET en /img/brownie%20frutal.jpg - 02:06:10
http: POST en /api/carts/6678fea47d81b4d94c9ed963/product/65dae57de96601ba8b0b0487 - 02:06:12
http: GET en /carts/6678fea47d81b4d94c9ed963 - 02:06:12
http: GET en /css/style.css - 02:06:12
http: GET en /carts/img/logo2.jpg - 02:06:12
http: POST en /api/carts/6678fea47d81b4d94c9ed963/purchase - 02:06:16
http: POST en /api/carts/6678fea47d81b4d94c9ed963/purchase - 02:17:57
http: DELETE en /api/carts/6678fea47d81b4d94c9ed963 - 02:23:20
http: GET en /carts/6678fea47d81b4d94c9ed963 - 02:23:20
http: GET en /css/style.css - 02:23:21
http: GET en /carts/img/logo2.jpg - 02:23:21
http: POST en /api/carts/6678fea47d81b4d94c9ed963/product/65dae57de96601ba8b0b0487 - 02:23:26
http: GET en /carts/6678fea47d81b4d94c9ed963 - 02:23:26
http: GET en /css/style.css - 02:23:26
http: GET en /carts/img/logo2.jpg - 02:23:26
http: POST en /api/carts/6678fea47d81b4d94c9ed963/purchase - 02:23:27
http: POST en /api/carts/6678fea47d81b4d94c9ed963/product/65dae57de96601ba8b0b0487 - 02:32:03
http: GET en /carts/6678fea47d81b4d94c9ed963 - 02:32:04
http: GET en /css/style.css - 02:32:04
http: GET en /carts/img/logo2.jpg - 02:32:04
http: POST en /api/carts/6678fea47d81b4d94c9ed963/purchase - 02:32:05
http: GET en /api/carts/6678fea47d81b4d94c9ed963/img/logo2.jpg - 02:32:10
http: GET en /css/style.css - 02:32:10
http: GET en / - 02:35:33
http: GET en /css/style.css - 02:35:35
http: GET en /img/logo2.jpg - 02:35:35
http: GET en /img/afa.jpg - 02:35:35
http: GET en /img/aniversario.jpg - 02:35:35
http: GET en /img/brownie%20frutal.jpg - 02:35:35
http: GET en /img/budinglase.jpg - 02:35:35
http: GET en /img/cerezachoco.jpg - 02:35:35
http: GET en /img/cine.jpg - 02:35:35
http: GET en /img/disco.jpg - 02:35:35
http: GET en /img/sonic.jpg - 02:35:35
http: GET en /img/cremafrutilla.jpg - 02:35:35
http: GET en /img/frozen.jpg - 02:35:35
http: GET en /img/pinki.jpg - 02:35:35
http: GET en /img/tortabombon.jpg - 02:35:35
http: GET en /img/primaveral.jpg - 02:35:35
http: GET en /img/olas.jpg - 02:35:35
http: GET en /img/diamante.jpg - 02:35:35
http: GET en /img/messi.jpg - 02:35:35
http: GET en /img/hojas.jpg - 02:35:35
http: GET en /img/cremadurazno.jpg - 02:35:35
http: GET en /api/users/profile - 02:35:39
http: GET en /css/style.css - 02:35:39
http: GET en /api/users/img/logo2.jpg - 02:35:39
http: POST en /api/users/logout - 02:35:40
http: GET en /login - 02:35:41
http: GET en /css/style.css - 02:35:41
http: GET en /img/logo2.jpg - 02:35:41
http: GET en / - 02:35:43
http: GET en /css/style.css - 02:35:43
http: GET en /img/logo2.jpg - 02:35:43
http: GET en /img/afa.jpg - 02:35:43
http: GET en /img/aniversario.jpg - 02:35:43
http: GET en /img/brownie%20frutal.jpg - 02:35:43
http: GET en /img/budinglase.jpg - 02:35:43
http: GET en /img/cerezachoco.jpg - 02:35:43
http: GET en /img/cine.jpg - 02:35:43
http: GET en /img/disco.jpg - 02:35:43
http: GET en /img/hojas.jpg - 02:35:43
http: GET en /img/messi.jpg - 02:35:43
http: GET en /img/primaveral.jpg - 02:35:43
http: GET en /img/tortabombon.jpg - 02:35:43
http: GET en /img/diamante.jpg - 02:35:43
http: GET en /img/pinki.jpg - 02:35:43
http: GET en /img/sonic.jpg - 02:35:43
http: GET en /img/cremafrutilla.jpg - 02:35:43
http: GET en /img/olas.jpg - 02:35:43
http: GET en /img/frozen.jpg - 02:35:43
http: GET en /img/cremadurazno.jpg - 02:35:43
http: GET en /login - 02:36:14
http: GET en /css/style.css - 02:36:14
http: GET en /img/logo2.jpg - 02:36:14
http: POST en /api/users/login - 02:36:32
http: GET en /api/users/profile - 02:36:32
http: GET en /css/style.css - 02:36:32
http: GET en /api/users/img/logo2.jpg - 02:36:32
http: GET en /products - 02:36:34
http: GET en /css/style.css - 02:36:34
http: GET en /img/logo2.jpg - 02:36:34
http: GET en /img/afa.jpg - 02:36:34
http: GET en /img/brownie%20frutal.jpg - 02:36:34
http: GET en /img/aniversario.jpg - 02:36:34
http: GET en /products?page=2 - 02:36:37
http: GET en /css/style.css - 02:36:37
http: GET en /img/logo2.jpg - 02:36:37
http: GET en /img/budinglase.jpg - 02:36:38
http: GET en /img/cerezachoco.jpg - 02:36:38
http: GET en /img/cine.jpg - 02:36:38
http: GET en /products?page=3 - 02:36:42
http: GET en /css/style.css - 02:36:42
http: GET en /img/logo2.jpg - 02:36:42
http: GET en /img/disco.jpg - 02:36:42
http: GET en /img/tortabombon.jpg - 02:36:42
http: GET en /img/hojas.jpg - 02:36:42
http: GET en /products?page=4 - 02:36:45
http: GET en /css/style.css - 02:36:45
http: GET en /img/logo2.jpg - 02:36:45
http: GET en /img/frozen.jpg - 02:36:45
http: GET en /img/cremafrutilla.jpg - 02:36:45
http: GET en /products?page=3 - 02:36:50
http: GET en /css/style.css - 02:36:50
http: GET en /img/logo2.jpg - 02:36:50
http: GET en /img/disco.jpg - 02:36:50
http: GET en /img/hojas.jpg - 02:36:50
http: GET en /img/tortabombon.jpg - 02:36:50
http: GET en /products?page=2 - 02:36:57
http: GET en /css/style.css - 02:36:58
http: GET en /img/logo2.jpg - 02:36:58
http: GET en /img/budinglase.jpg - 02:36:58
http: GET en /img/cerezachoco.jpg - 02:36:58
http: GET en /img/cine.jpg - 02:36:58
http: POST en /api/carts/6678fea47d81b4d94c9ed963/product/65dae57de96601ba8b0b048d - 02:37:04
http: GET en /carts/6678fea47d81b4d94c9ed963 - 02:37:04
http: GET en /css/style.css - 02:37:04
http: GET en /carts/img/logo2.jpg - 02:37:04
http: POST en /api/carts/6678fea47d81b4d94c9ed963/purchase - 02:37:08
http: GET en /css/style.css - 02:37:10
http: GET en /api/carts/6678fea47d81b4d94c9ed963/img/logo2.jpg - 02:37:10
http: DELETE en /api/carts/6678fea47d81b4d94c9ed963 - 02:38:27
http: GET en /carts/6678fea47d81b4d94c9ed963 - 02:38:27
http: GET en /css/style.css - 02:38:28
http: GET en /carts/img/logo2.jpg - 02:38:28
http: POST en /api/carts/6678fea47d81b4d94c9ed963/purchase - 02:43:07
http: POST en /api/carts/6678fea47d81b4d94c9ed963/purchase - 02:43:09
http: POST en /api/carts/6678fea47d81b4d94c9ed963/purchase - 02:43:09
http: POST en /api/carts/6678fea47d81b4d94c9ed963/purchase - 02:43:10
http: POST en /api/carts/6678fea47d81b4d94c9ed963/purchase - 02:43:10
http: POST en /api/carts/6678fea47d81b4d94c9ed963/purchase - 02:43:11
http: POST en /api/carts/6678fea47d81b4d94c9ed963/purchase - 02:43:11
http: POST en /api/carts/6678fea47d81b4d94c9ed963/purchase - 02:43:11
http: POST en /api/carts/6678fea47d81b4d94c9ed963/purchase - 02:43:11
http: POST en /api/carts/6678fea47d81b4d94c9ed963/purchase - 02:43:12
http: POST en /api/carts/6678fea47d81b4d94c9ed963/purchase - 02:43:12
http: GET en /css/style.css - 02:43:17
http: GET en /api/carts/6678fea47d81b4d94c9ed963/img/logo2.jpg - 02:43:17
http: DELETE en /api/carts/6678fea47d81b4d94c9ed963 - 02:44:59
http: GET en /carts/6678fea47d81b4d94c9ed963 - 02:44:59
http: GET en /css/style.css - 02:45:00
http: GET en /carts/img/logo2.jpg - 02:45:00
http: POST en /api/carts/6678fea47d81b4d94c9ed963/product/65dae57de96601ba8b0b048b - 02:46:16
http: GET en /carts/6678fea47d81b4d94c9ed963 - 02:46:17
http: GET en /css/style.css - 02:46:17
http: GET en /carts/img/logo2.jpg - 02:46:17
http: POST en /api/carts/6678fea47d81b4d94c9ed963/product/65dae57de96601ba8b0b048b - 02:46:53
http: GET en /carts/6678fea47d81b4d94c9ed963 - 02:46:53
http: GET en /css/style.css - 02:46:53
http: GET en /carts/img/logo2.jpg - 02:46:53
http: POST en /api/carts/6678fea47d81b4d94c9ed963/product/65dae57de96601ba8b0b048c - 02:47:13
http: GET en /carts/6678fea47d81b4d94c9ed963 - 02:47:13
http: GET en /css/style.css - 02:47:13
http: GET en /carts/img/logo2.jpg - 02:47:13
http: GET en /carts/6678fea47d81b4d94c9ed963 - 03:15:55
http: GET en /css/style.css - 03:15:56
http: GET en /carts/img/logo2.jpg - 03:15:56
http: POST en /api/carts/6678fea47d81b4d94c9ed963/purchase - 03:15:59
http: DELETE en /api/carts/6678fea47d81b4d94c9ed963 - 03:16:02
http: GET en /carts/6678fea47d81b4d94c9ed963 - 03:16:02
http: GET en /css/style.css - 03:16:02
http: GET en /carts/img/logo2.jpg - 03:16:02
http: POST en /api/carts/6678fea47d81b4d94c9ed963/purchase - 03:16:03
http: POST en /api/carts/6678fea47d81b4d94c9ed963/purchase - 03:16:12
http: GET en /carts/6678fea47d81b4d94c9ed963 - 03:19:21
http: GET en /css/style.css - 03:19:21
http: GET en /carts/img/logo2.jpg - 03:19:21
http: POST en /api/carts/6678fea47d81b4d94c9ed963/product/65dae57de96601ba8b0b048b - 03:19:27
http: GET en /carts/6678fea47d81b4d94c9ed963 - 03:19:27
http: GET en /carts/img/logo2.jpg - 03:19:28
http: GET en /css/style.css - 03:19:28
http: POST en /api/carts/6678fea47d81b4d94c9ed963/product/65dae57de96601ba8b0b048c - 03:19:36
http: GET en /carts/6678fea47d81b4d94c9ed963 - 03:19:36
http: GET en /carts/img/logo2.jpg - 03:19:36
http: GET en /css/style.css - 03:19:36
http: POST en /api/carts/6678fea47d81b4d94c9ed963/product/65dae57de96601ba8b0b048b - 03:20:02
http: GET en /carts/6678fea47d81b4d94c9ed963 - 03:20:02
http: GET en /css/style.css - 03:20:02
http: GET en /carts/img/logo2.jpg - 03:20:02
http: GET en /carts/6678fea47d81b4d94c9ed963 - 03:23:58
http: GET en /css/style.css - 03:23:58
http: GET en /carts/img/logo2.jpg - 03:23:58
http: GET en /api/users/profile - 03:24:02
http: GET en /css/style.css - 03:24:02
http: GET en /api/users/img/logo2.jpg - 03:24:02
http: GET en /products - 03:24:03
http: GET en /css/style.css - 03:24:03
http: GET en /img/logo2.jpg - 03:24:03
http: GET en /img/afa.jpg - 03:24:03
http: GET en /img/aniversario.jpg - 03:24:03
http: GET en /img/brownie%20frutal.jpg - 03:24:03
http: POST en /api/carts/6678fea47d81b4d94c9ed963/product/65dae57de96601ba8b0b0487 - 03:24:05
http: GET en /carts/6678fea47d81b4d94c9ed963 - 03:24:06
http: GET en /css/style.css - 03:24:06
http: GET en /carts/img/logo2.jpg - 03:24:06
http: GET en /carts/6678fea47d81b4d94c9ed963 - 03:24:25
http: POST en /api/carts/6678fea47d81b4d94c9ed963/product/65dae57de96601ba8b0b0487 - 03:24:30
http: GET en /carts/6678fea47d81b4d94c9ed963 - 03:24:30
http: GET en /products - 03:24:47
http: GET en /css/style.css - 03:24:47
http: GET en /img/afa.jpg - 03:24:47
http: GET en /img/logo2.jpg - 03:24:47
http: GET en /img/aniversario.jpg - 03:24:47
http: GET en /img/brownie%20frutal.jpg - 03:24:47
http: POST en /api/carts/6678fea47d81b4d94c9ed963/product/65dae57de96601ba8b0b0487 - 03:24:49
http: GET en /carts/6678fea47d81b4d94c9ed963 - 03:24:49
http: GET en /css/style.css - 03:24:49
http: GET en /carts/img/logo2.jpg - 03:24:49
http: POST en /api/carts/6678fea47d81b4d94c9ed963/product/65dae57de96601ba8b0b0487 - 03:27:16
http: GET en /carts/6678fea47d81b4d94c9ed963 - 03:27:16
http: GET en /css/style.css - 03:27:16
http: GET en /carts/img/logo2.jpg - 03:27:16
http: POST en /api/carts/6678fea47d81b4d94c9ed963/product/65dae57de96601ba8b0b0488 - 03:27:32
http: GET en /carts/6678fea47d81b4d94c9ed963 - 03:27:32
http: GET en /css/style.css - 03:27:33
http: GET en /carts/img/logo2.jpg - 03:27:33
http: POST en /api/carts/6678fea47d81b4d94c9ed963/product/65dae57de96601ba8b0b0487 - 03:51:08
http: POST en /api/carts/6678fea47d81b4d94c9ed963/product/65dae57de96601ba8b0b0487 - 03:55:46
http: POST en /api/carts/6678fea47d81b4d94c9ed963/product/65dae57de96601ba8b0b0487 - 03:57:10
http: POST en /api/carts/6678fea47d81b4d94c9ed963/product/65dae57de96601ba8b0b0487 - 03:58:13
http: POST en /api/carts/6678fea47d81b4d94c9ed963/product/65dae57de96601ba8b0b0487 - 03:58:14
http: POST en /api/users/logout - 04:00:44
http: GET en /login - 04:00:44
http: GET en /css/style.css - 04:00:45
http: GET en /img/logo2.jpg - 04:00:45
http: GET en /login - 04:00:46
http: GET en /css/style.css - 04:00:46
http: GET en /img/logo2.jpg - 04:00:46
http: GET en / - 04:00:48
http: GET en /css/style.css - 04:00:49
http: GET en /img/logo2.jpg - 04:00:49
http: GET en /img/aniversario.jpg - 04:00:49
http: GET en /img/afa.jpg - 04:00:49
http: GET en /img/brownie%20frutal.jpg - 04:00:49
http: GET en /img/budinglase.jpg - 04:00:49
http: GET en /img/cerezachoco.jpg - 04:00:49
http: GET en /img/cine.jpg - 04:00:49
http: GET en /img/pinki.jpg - 04:00:49
http: GET en /img/cremadurazno.jpg - 04:00:49
http: GET en /img/sonic.jpg - 04:00:49
http: GET en /img/disco.jpg - 04:00:49
http: GET en /img/tortabombon.jpg - 04:00:49
http: GET en /img/diamante.jpg - 04:00:49
http: GET en /img/cremafrutilla.jpg - 04:00:49
http: GET en /img/olas.jpg - 04:00:49
http: GET en /img/hojas.jpg - 04:00:49
http: GET en /img/frozen.jpg - 04:00:49
http: GET en /img/messi.jpg - 04:00:49
http: GET en /img/primaveral.jpg - 04:00:49
http: GET en /login - 04:00:50
http: GET en /css/style.css - 04:00:50
http: GET en /img/logo2.jpg - 04:00:50
http: POST en /api/users/login - 04:00:59
http: GET en /api/users/profile - 04:00:59
http: GET en /css/style.css - 04:00:59
http: GET en /api/users/img/logo2.jpg - 04:00:59
http: GET en /products - 04:01:01
http: GET en /css/style.css - 04:01:01
http: GET en /img/logo2.jpg - 04:01:01
http: GET en /img/afa.jpg - 04:01:01
http: GET en /img/aniversario.jpg - 04:01:01
http: GET en /img/brownie%20frutal.jpg - 04:01:01
http: POST en /api/carts/6678fea47d81b4d94c9ed963/product/65dae57de96601ba8b0b0487 - 04:01:14
http: GET en /carts/6678fea47d81b4d94c9ed963 - 04:01:14
http: GET en /css/style.css - 04:01:14
http: GET en /carts/img/logo2.jpg - 04:01:14
http: GET en /carts/6678fea47d81b4d94c9ed963 - 04:07:04
http: GET en /css/style.css - 04:07:04
http: GET en /carts/img/logo2.jpg - 04:07:04
http: POST en /api/carts/6678fea47d81b4d94c9ed963/product/65dae57de96601ba8b0b0487 - 04:07:07
http: GET en /carts/6678fea47d81b4d94c9ed963 - 04:07:07
http: GET en /css/style.css - 04:07:07
http: GET en /carts/img/logo2.jpg - 04:07:07
http: GET en /api/users/profile - 04:21:36
http: GET en /css/style.css - 04:21:37
http: GET en /api/users/img/logo2.jpg - 04:21:37
http: GET en /products - 04:21:39
http: GET en /css/style.css - 04:21:40
http: GET en /img/logo2.jpg - 04:21:40
http: GET en /img/afa.jpg - 04:21:40
http: GET en /img/aniversario.jpg - 04:21:40
http: GET en /img/brownie%20frutal.jpg - 04:21:40
http: POST en /api/carts/6678fea47d81b4d94c9ed963/product/65dae57de96601ba8b0b0488 - 04:21:41
http: GET en /carts/6678fea47d81b4d94c9ed963 - 04:21:42
http: GET en /css/style.css - 04:21:42
http: GET en /carts/img/logo2.jpg - 04:21:42
http: POST en /api/carts/6678fea47d81b4d94c9ed963/product/65dae57de96601ba8b0b0487 - 04:33:29
http: GET en /carts/6678fea47d81b4d94c9ed963 - 04:33:30
http: GET en /css/style.css - 04:33:30
http: GET en /carts/img/logo2.jpg - 04:33:30
http: POST en /api/carts/6678fea47d81b4d94c9ed963/purchase - 04:33:42
http: GET en /css/style.css - 04:33:45
http: GET en /api/carts/6678fea47d81b4d94c9ed963/img/logo2.jpg - 04:33:45
http: GET en /products - 04:33:50
http: GET en /css/style.css - 04:33:51
http: GET en /img/logo2.jpg - 04:33:51
http: GET en /img/afa.jpg - 04:33:51
http: GET en /img/aniversario.jpg - 04:33:51
http: GET en /img/brownie%20frutal.jpg - 04:33:51
http: POST en /api/carts/6678fea47d81b4d94c9ed963/product/65dae57de96601ba8b0b0488 - 04:33:58
http: GET en /carts/6678fea47d81b4d94c9ed963 - 04:33:58
http: GET en /css/style.css - 04:33:58
http: GET en /carts/img/logo2.jpg - 04:33:58
http: POST en /api/carts/6678fea47d81b4d94c9ed963/product/65dae57de96601ba8b0b0488 - 04:58:00
http: GET en /carts/6678fea47d81b4d94c9ed963 - 04:58:00
http: GET en /css/style.css - 04:58:00
http: GET en /carts/img/logo2.jpg - 04:58:00
http: POST en /api/carts/6678fea47d81b4d94c9ed963/purchase - 04:58:32
http: GET en /css/style.css - 04:58:35
http: GET en /api/carts/6678fea47d81b4d94c9ed963/img/logo2.jpg - 04:58:35
http: GET en /products - 04:58:41
http: GET en /css/style.css - 04:58:42
http: GET en /img/logo2.jpg - 04:58:42
http: GET en /img/brownie%20frutal.jpg - 04:58:42
http: GET en /img/aniversario.jpg - 04:58:42
http: GET en /img/afa.jpg - 04:58:42
http: POST en /api/carts/6678fea47d81b4d94c9ed963/product/65dae57de96601ba8b0b0487 - 04:58:45
http: GET en /carts/6678fea47d81b4d94c9ed963 - 04:58:45
http: GET en /css/style.css - 04:58:45
http: GET en /carts/img/logo2.jpg - 04:58:45
http: GET en /css/style.css - 05:55:03
http: GET en /carts/img/logo2.jpg - 05:55:03
http: GET en / - 05:55:48
http: GET en /css/style.css - 05:55:50
http: GET en /img/afa.jpg - 05:55:50
http: GET en /img/aniversario.jpg - 05:55:50
http: GET en /img/brownie%20frutal.jpg - 05:55:50
http: GET en /img/logo2.jpg - 05:55:50
http: GET en /img/budinglase.jpg - 05:55:50
http: GET en /img/cerezachoco.jpg - 05:55:50
http: GET en /img/pinki.jpg - 05:55:50
http: GET en /img/sonic.jpg - 05:55:50
http: GET en /img/disco.jpg - 05:55:50
http: GET en /img/tortabombon.jpg - 05:55:50
http: GET en /img/olas.jpg - 05:55:50
http: GET en /img/cremadurazno.jpg - 05:55:50
http: GET en /img/cine.jpg - 05:55:50
http: GET en /img/diamante.jpg - 05:55:50
http: GET en /img/cremafrutilla.jpg - 05:55:50
http: GET en /img/primaveral.jpg - 05:55:50
http: GET en /img/messi.jpg - 05:55:50
http: GET en /img/frozen.jpg - 05:55:50
http: GET en /img/hojas.jpg - 05:55:50
http: POST en /api/carts/663d9f0754ee4fa2cb95fc4b/product/65dae57de96601ba8b0b0487 - 10:04:58
http: GET en / - 10:05:03
http: GET en /css/style.css - 10:05:04
http: GET en /img/afa.jpg - 10:05:04
http: GET en /img/logo2.jpg - 10:05:04
http: GET en /img/aniversario.jpg - 10:05:04
http: GET en /img/brownie%20frutal.jpg - 10:05:04
http: GET en /img/disco.jpg - 10:05:04
http: GET en /img/hojas.jpg - 10:05:04
http: GET en /img/budinglase.jpg - 10:05:04
http: GET en /img/cine.jpg - 10:05:04
http: GET en /img/cerezachoco.jpg - 10:05:04
http: GET en /img/messi.jpg - 10:05:04
http: GET en /img/primaveral.jpg - 10:05:04
http: GET en /img/olas.jpg - 10:05:04
http: GET en /img/cremadurazno.jpg - 10:05:04
http: GET en /img/sonic.jpg - 10:05:04
http: GET en /img/cremafrutilla.jpg - 10:05:04
http: GET en /img/frozen.jpg - 10:05:04
http: GET en /img/diamante.jpg - 10:05:04
http: GET en /img/pinki.jpg - 10:05:04
http: GET en /img/tortabombon.jpg - 10:05:04
http: GET en /api/users/profile - 10:05:05
http: GET en /css/style.css - 10:05:05
http: GET en /api/users/img/logo2.jpg - 10:05:05
http: POST en /api/users/logout - 10:05:06
http: GET en /login - 10:05:06
http: GET en /css/style.css - 10:05:07
http: GET en /img/logo2.jpg - 10:05:07
http: GET en / - 10:05:08
http: GET en /css/style.css - 10:05:08
http: GET en /img/logo2.jpg - 10:05:08
http: GET en /img/afa.jpg - 10:05:08
http: GET en /img/aniversario.jpg - 10:05:08
http: GET en /img/brownie%20frutal.jpg - 10:05:08
http: GET en /img/budinglase.jpg - 10:05:08
http: GET en /img/cerezachoco.jpg - 10:05:08
http: GET en /img/cine.jpg - 10:05:08
http: GET en /img/disco.jpg - 10:05:08
http: GET en /img/hojas.jpg - 10:05:08
http: GET en /img/messi.jpg - 10:05:08
http: GET en /img/primaveral.jpg - 10:05:08
http: GET en /img/olas.jpg - 10:05:08
http: GET en /img/sonic.jpg - 10:05:08
http: GET en /img/cremadurazno.jpg - 10:05:08
http: GET en /img/cremafrutilla.jpg - 10:05:08
http: GET en /img/frozen.jpg - 10:05:08
http: GET en /img/diamante.jpg - 10:05:08
http: GET en /img/pinki.jpg - 10:05:08
http: GET en /img/tortabombon.jpg - 10:05:08
http: GET en / - 10:05:10
http: GET en /css/style.css - 10:05:10
http: GET en /img/logo2.jpg - 10:05:10
http: GET en /img/afa.jpg - 10:05:10
http: GET en /img/aniversario.jpg - 10:05:10
http: GET en /img/brownie%20frutal.jpg - 10:05:10
http: GET en /img/budinglase.jpg - 10:05:10
http: GET en /img/cerezachoco.jpg - 10:05:10
http: GET en /img/cine.jpg - 10:05:10
http: GET en /img/disco.jpg - 10:05:10
http: GET en /img/hojas.jpg - 10:05:10
http: GET en /img/messi.jpg - 10:05:10
http: GET en /img/primaveral.jpg - 10:05:10
http: GET en /img/sonic.jpg - 10:05:10
http: GET en /img/olas.jpg - 10:05:10
http: GET en /img/frozen.jpg - 10:05:10
http: GET en /img/cremafrutilla.jpg - 10:05:10
http: GET en /img/tortabombon.jpg - 10:05:10
http: GET en /img/cremadurazno.jpg - 10:05:10
http: GET en /img/diamante.jpg - 10:05:10
http: GET en /img/pinki.jpg - 10:05:10
http: GET en /login - 10:05:12
http: GET en /css/style.css - 10:05:12
http: GET en /img/logo2.jpg - 10:05:12
http: POST en /api/users/login - 10:05:22
http: GET en /api/users/profile - 10:05:22
http: GET en /css/style.css - 10:05:23
http: GET en /api/users/img/logo2.jpg - 10:05:23
http: POST en /api/users/logout - 10:05:26
http: GET en /login - 10:05:26
http: GET en /css/style.css - 10:05:26
http: GET en /img/logo2.jpg - 10:05:26
http: POST en /api/users/login - 10:05:36
http: GET en /api/users/profile - 10:05:37
http: GET en /css/style.css - 10:05:37
http: GET en /api/users/img/logo2.jpg - 10:05:37
http: GET en /products - 10:05:39
http: GET en /css/style.css - 10:05:39
http: GET en /img/logo2.jpg - 10:05:39
http: GET en /img/afa.jpg - 10:05:39
http: GET en /img/aniversario.jpg - 10:05:39
http: GET en /img/brownie%20frutal.jpg - 10:05:39
http: POST en /api/carts/663d9f0754ee4fa2cb95fc4b/product/65dae57de96601ba8b0b0487 - 10:05:42
http: GET en /css/style.css - 06:51:34
http: GET en /img/aniversario.jpg - 06:51:34
http: GET en /img/brownie%20frutal.jpg - 06:51:34
http: GET en /img/logo2.jpg - 06:51:34
http: GET en /img/afa.jpg - 06:51:34
http: GET en /carts/663d9f0754ee4fa2cb95fc4b - 06:51:39
http: GET en / - 06:51:47
http: GET en /css/style.css - 06:51:47
http: GET en /img/logo2.jpg - 06:51:47
http: GET en /img/afa.jpg - 06:51:47
http: GET en /img/aniversario.jpg - 06:51:47
http: GET en /img/brownie%20frutal.jpg - 06:51:47
http: GET en /img/budinglase.jpg - 06:51:47
http: GET en /img/cerezachoco.jpg - 06:51:47
http: GET en /img/hojas.jpg - 06:51:47
http: GET en /img/cine.jpg - 06:51:47
http: GET en /img/disco.jpg - 06:51:47
http: GET en /img/messi.jpg - 06:51:47
http: GET en /img/primaveral.jpg - 06:51:47
http: GET en /img/cremadurazno.jpg - 06:51:47
http: GET en /img/diamante.jpg - 06:51:47
http: GET en /img/frozen.jpg - 06:51:47
http: GET en /img/pinki.jpg - 06:51:47
http: GET en /img/cremafrutilla.jpg - 06:51:47
http: GET en /img/sonic.jpg - 06:51:47
http: GET en /img/olas.jpg - 06:51:47
http: GET en /img/tortabombon.jpg - 06:51:47
http: GET en / - 06:52:13
http: GET en /css/style.css - 06:52:13
http: GET en /img/logo2.jpg - 06:52:13
http: GET en /img/afa.jpg - 06:52:13
http: GET en /img/aniversario.jpg - 06:52:13
http: GET en /img/brownie%20frutal.jpg - 06:52:13
http: GET en /img/budinglase.jpg - 06:52:13
http: GET en /img/cerezachoco.jpg - 06:52:13
http: GET en /img/cine.jpg - 06:52:13
http: GET en /img/disco.jpg - 06:52:13
http: GET en /img/hojas.jpg - 06:52:13
http: GET en /img/messi.jpg - 06:52:13
http: GET en /img/primaveral.jpg - 06:52:13
http: GET en /img/olas.jpg - 06:52:13
http: GET en /img/sonic.jpg - 06:52:13
http: GET en /img/cremadurazno.jpg - 06:52:13
http: GET en /img/cremafrutilla.jpg - 06:52:13
http: GET en /img/frozen.jpg - 06:52:13
http: GET en /img/diamante.jpg - 06:52:13
http: GET en /img/pinki.jpg - 06:52:13
http: GET en /img/tortabombon.jpg - 06:52:14
http: GET en /login - 06:52:28
http: GET en /css/style.css - 06:52:28
http: GET en /img/logo2.jpg - 06:52:28
http: POST en /api/users/login - 06:52:41
http: GET en /api/users/profile - 06:52:42
http: GET en /css/style.css - 06:52:42
http: GET en /api/users/img/logo2.jpg - 06:52:42
http: GET en /chat - 06:52:45
http: GET en /css/style.css - 06:52:45
http: GET en /img/logo2.jpg - 06:52:45
http: GET en /js/main.js - 06:52:45
http: GET en /products - 06:52:55
http: GET en /css/style.css - 06:52:55
http: GET en /img/logo2.jpg - 06:52:55
http: GET en /img/afa.jpg - 06:52:55
http: GET en /img/aniversario.jpg - 06:52:55
http: GET en /img/brownie%20frutal.jpg - 06:52:55
http: POST en /api/carts/663d9f0754ee4fa2cb95fc4b/product/65dae57de96601ba8b0b0488 - 06:52:58
http: POST en /api/carts/663d9f0754ee4fa2cb95fc4b/product/65dae57de96601ba8b0b0488 - 07:18:04
http: GET en /carts/663d9f0754ee4fa2cb95fc4b - 07:19:01
http: GET en /api/users/profile - 07:22:15
http: GET en /css/style.css - 07:22:17
http: GET en /api/users/img/logo2.jpg - 07:22:17
http: POST en /api/users/logout - 07:24:13
http: GET en /login - 07:24:14
http: GET en /css/style.css - 07:24:15
http: GET en /img/logo2.jpg - 07:24:15
http: POST en /api/users/login - 07:24:24
http: GET en /api/users/profile - 07:24:24
http: GET en /css/style.css - 07:24:24
http: GET en /api/users/img/logo2.jpg - 07:24:24
http: GET en /products - 07:24:26
http: GET en /css/style.css - 07:24:26
http: GET en /img/logo2.jpg - 07:24:26
http: GET en /img/afa.jpg - 07:24:26
http: GET en /img/aniversario.jpg - 07:24:26
http: GET en /img/brownie%20frutal.jpg - 07:24:26
http: POST en /api/carts/6678fea47d81b4d94c9ed963/product/65dae57de96601ba8b0b0487 - 07:24:28
http: GET en /carts/6678fea47d81b4d94c9ed963 - 07:24:29
http: GET en /css/style.css - 07:24:29
http: GET en /carts/img/logo2.jpg - 07:24:29
